<?xml version="1.0" encoding="UTF-8"?>
<!-- Generated by org.testng.reporters.JUnitReportReporter -->
<testsuite hostname="Poorvishas-MacBook-Pro.local" name="com.branch.Tests.TeamInfoTest" tests="4" failures="0" timestamp="23 Aug 2018 15:59:37 GMT" time="0.010" errors="0">
  <testcase name="profileLinkMatchTest" time="0.002" classname="com.branch.Tests.TeamInfoTest"/>
  <testcase name="employeesDepartmentMatchTest" time="0.005" classname="com.branch.Tests.TeamInfoTest"/>
  <testcase name="employeesImageMatchTest" time="0.002" classname="com.branch.Tests.TeamInfoTest"/>
  <testcase name="employeesNameMatchTest" time="0.001" classname="com.branch.Tests.TeamInfoTest"/>
</testsuite> <!-- com.branch.Tests.TeamInfoTest -->
